<?xml version="1.0" encoding="UTF-8"?>
<!-- Generated by org.testng.reporters.JUnitXMLReporter -->
<testsuite hostname="yyymac.local" name="Default test" tests="5" failures="0" timestamp="10 Jan 2018 02:53:03 GMT" time="275.915" errors="0">
  <testcase name="testFacebookLogin" time="54.94" classname="golive.test.LoginTest"/>
  <testcase name="testGooleLogin" time="28.785" classname="golive.test.LoginTest"/>
  <testcase name="testInstagramLogin" time="76.789" classname="golive.test.LoginTest"/>
  <testcase name="testMobileLogin" time="73.712" classname="golive.test.LoginTest"/>
  <testcase name="testTwitterLogin" time="41.633" classname="golive.test.LoginTest"/>
</testsuite> <!-- Default test -->
