<?xml version="1.0" encoding="UTF-8"?>
<testng-results skipped="0" failed="0" total="5" passed="5">
  <reporter-output>
  </reporter-output>
  <suite name="Default suite" duration-ms="275915" started-at="2018-01-10T02:48:27Z" finished-at="2018-01-10T02:53:03Z">
    <groups>
    </groups>
    <test name="Default test" duration-ms="275915" started-at="2018-01-10T02:48:27Z" finished-at="2018-01-10T02:53:03Z">
      <class name="golive.test.LoginTest">
        <test-method status="PASS" signature="testFacebookLogin()[pri:0, instance:golive.test.LoginTest@41fecb8b]" name="testFacebookLogin" duration-ms="54940" started-at="2018-01-10T10:48:27Z" finished-at="2018-01-10T10:49:22Z">
          <reporter-output>
          </reporter-output>
        </test-method> <!-- testFacebookLogin -->
        <test-method status="PASS" signature="testGooleLogin()[pri:0, instance:golive.test.LoginTest@41fecb8b]" name="testGooleLogin" duration-ms="28785" started-at="2018-01-10T10:49:22Z" finished-at="2018-01-10T10:49:51Z">
          <reporter-output>
          </reporter-output>
        </test-method> <!-- testGooleLogin -->
        <test-method status="PASS" signature="testInstagramLogin()[pri:0, instance:golive.test.LoginTest@41fecb8b]" name="testInstagramLogin" duration-ms="76789" started-at="2018-01-10T10:49:51Z" finished-at="2018-01-10T10:51:08Z">
          <reporter-output>
          </reporter-output>
        </test-method> <!-- testInstagramLogin -->
        <test-method status="PASS" signature="testMobileLogin()[pri:0, instance:golive.test.LoginTest@41fecb8b]" name="testMobileLogin" duration-ms="73712" started-at="2018-01-10T10:51:08Z" finished-at="2018-01-10T10:52:21Z">
          <reporter-output>
          </reporter-output>
        </test-method> <!-- testMobileLogin -->
        <test-method status="PASS" signature="testTwitterLogin()[pri:0, instance:golive.test.LoginTest@41fecb8b]" name="testTwitterLogin" duration-ms="41633" started-at="2018-01-10T10:52:21Z" finished-at="2018-01-10T10:53:03Z">
          <reporter-output>
          </reporter-output>
        </test-method> <!-- testTwitterLogin -->
      </class> <!-- golive.test.LoginTest -->
    </test> <!-- Default test -->
  </suite> <!-- Default suite -->
</testng-results>
